\BOOKMARK [1][-]{section.1}{Profile\040Of}{}% 1
\BOOKMARK [1][-]{section.2}{Noah Hüsser}{}% 2
\BOOKMARK [2][-]{subsection.2.1}{Basics}{section.2}% 3
\BOOKMARK [2][-]{subsection.2.2}{Contact}{section.2}% 4
\BOOKMARK [2][-]{subsection.2.3}{Activities}{section.2}% 5
\BOOKMARK [1][-]{section.3}{Skills}{}% 6
\BOOKMARK [2][-]{subsection.3.1}{Professional}{section.3}% 7
\BOOKMARK [2][-]{subsection.3.2}{Languages}{section.3}% 8
\BOOKMARK [1][-]{section.4}{Tools}{}% 9
\BOOKMARK [2][-]{subsection.4.1}{Engineering}{section.4}% 10
\BOOKMARK [2][-]{subsection.4.2}{Programming}{section.4}% 11
\BOOKMARK [2][-]{subsection.4.3}{Miscellaneous}{section.4}% 12
\BOOKMARK [1][-]{section.5}{Education}{}% 13
\BOOKMARK [2][-]{subsection.5.1}{FHNW\040Brugg-Windisch}{section.5}% 14
\BOOKMARK [2][-]{subsection.5.2}{ETH Zürich}{section.5}% 15
\BOOKMARK [2][-]{subsection.5.3}{Alte\040Kantonsschule\040Aarau}{section.5}% 16
\BOOKMARK [1][-]{section.6}{Practical\040Experience}{}% 17
\BOOKMARK [2][-]{subsection.6.1}{ABB\040Micafil}{section.6}% 18
\BOOKMARK [2][-]{subsection.6.2}{Bastli}{section.6}% 19
\BOOKMARK [2][-]{subsection.6.3}{Nexus\040Telecom}{section.6}% 20
\BOOKMARK [2][-]{subsection.6.4}{AFC\040AG\040-\040Air\040Flow\040Consulting}{section.6}% 21
\BOOKMARK [2][-]{subsection.6.5}{wapple.ch}{section.6}% 22
\BOOKMARK [1][-]{section.7}{Publications\040and\040Projects}{}% 23
\BOOKMARK [2][-]{subsection.7.1}{Design and Implementation of an FPGA Based Data Logging and Fault Recording System for PWM Rectifiers}{section.7}% 24
